<?xml version="1.0" encoding="UTF-8"?>
<!-- Generated by org.testng.reporters.JUnitReportReporter -->
<testsuite hostname="HP-Siddu" failures="0" tests="1" name="runner.Runner" time="11.299" errors="0" timestamp="2021-09-11T23:48:59 IST" skipped="0">
  <testcase classname="runner.Runner" name="runScenario" time="11.299"/>
  <system-out/>
</testsuite> <!-- runner.Runner -->
