<?xml version="1.0" encoding="UTF-8"?>
<!-- Generated by org.testng.reporters.JUnitReportReporter -->
<testsuite hostname="HP-Siddu" failures="0" tests="1" name="testcases.LoginTest" time="24.507" errors="0" timestamp="2021-09-11T23:39:43 IST" skipped="0">
  <testcase classname="testcases.LoginTest" name="login" time="24.507"/>
  <system-out/>
</testsuite> <!-- testcases.LoginTest -->
