<?xml version="1.0" encoding="UTF-8"?>
<!-- Generated by org.testng.reporters.JUnitReportReporter -->
<testsuite skipped="0" hostname="HP-Siddu" name="testcases.LoginTest" tests="2" failures="0" timestamp="2021-09-11T14:25:52 IST" time="40.413" errors="0">
  <testcase name="login" time="14.182" classname="testcases.LoginTest"/>
  <system-out/>
  <testcase name="login" time="26.231" classname="testcases.LoginTest"/>
  <system-out/>
</testsuite> <!-- testcases.LoginTest -->
